2025-07-15 14:19:50,848 [INFO] √¯¡§ Ω√¿€: LabJack 192.168.1.3, √§≥Œ ['AIN0', 'AIN1', 'AIN2'], ∞£∞› 1s
2025-07-15 14:19:50,866 [INFO] 2025-07-15 14:19:50 √¯¡§∞™: {'AIN0': 7.825591564178467, 'AIN1': 7.770040035247803, 'AIN2': 7.934719562530518}
2025-07-15 14:19:51,870 [INFO] 2025-07-15 14:19:51 √¯¡§∞™: {'AIN0': 7.946493625640869, 'AIN1': 7.880669116973877, 'AIN2': 7.898132801055908}
2025-07-15 14:19:52,875 [INFO] 2025-07-15 14:19:52 √¯¡§∞™: {'AIN0': 7.907220363616943, 'AIN1': 7.867077350616455, 'AIN2': 7.903743267059326}
2025-07-15 14:19:53,879 [INFO] 2025-07-15 14:19:53 √¯¡§∞™: {'AIN0': 7.915754318237305, 'AIN1': 7.864786148071289, 'AIN2': 7.899476051330566}
2025-07-15 14:19:54,884 [INFO] 2025-07-15 14:19:54 √¯¡§∞™: {'AIN0': 7.912356376647949, 'AIN1': 7.863284587860107, 'AIN2': 7.883039951324463}
2025-07-15 14:19:55,889 [INFO] 2025-07-15 14:19:55 √¯¡§∞™: {'AIN0': 7.87861442565918, 'AIN1': 7.855777740478516, 'AIN2': 7.90848445892334}
2025-07-15 14:19:56,893 [INFO] 2025-07-15 14:19:56 √¯¡§∞™: {'AIN0': 7.902873992919922, 'AIN1': 7.864311695098877, 'AIN2': 7.902400016784668}
2025-07-15 14:19:57,897 [INFO] 2025-07-15 14:19:57 √¯¡§∞™: {'AIN0': 7.928792953491211, 'AIN1': 7.867551803588867, 'AIN2': 7.894418716430664}
2025-07-15 14:19:58,900 [INFO] 2025-07-15 14:19:58 √¯¡§∞™: {'AIN0': 7.9328227043151855, 'AIN1': 7.880115985870361, 'AIN2': 7.8990020751953125}
2025-07-15 14:19:59,905 [INFO] 2025-07-15 14:19:59 √¯¡§∞™: {'AIN0': 7.9219970703125, 'AIN1': 7.87900972366333, 'AIN2': 7.880669116973877}
2025-07-15 14:20:00,907 [INFO] √¯¡§ µ•¿Ã≈Õ ¿˙¿Â øœ∑·, LabJack ø¨∞· ¡æ∑·
2025-07-15 14:21:22,733 [INFO] Ï∏°Ï†ï ÏãúÏûë: LabJack 192.168.1.3, Ï±ÑÎÑê ['AIN0', 'AIN1', 'AIN2'], Í∞ÑÍ≤© 1s
2025-07-15 14:21:22,750 [INFO] 2025-07-15 14:21:22 Ï∏°Ï†ïÍ∞í: {'AIN0': 7.861388206481934, 'AIN1': 7.808444023132324, 'AIN2': 7.8926801681518555}
2025-07-15 14:21:23,754 [INFO] 2025-07-15 14:21:23 Ï∏°Ï†ïÍ∞í: {'AIN0': 7.935983657836914, 'AIN1': 7.882565498352051, 'AIN2': 7.905718803405762}
2025-07-15 14:21:24,759 [INFO] 2025-07-15 14:21:24 Ï∏°Ï†ïÍ∞í: {'AIN0': 7.923656463623047, 'AIN1': 7.875137805938721, 'AIN2': 7.882486820220947}
2025-07-15 14:21:25,763 [INFO] 2025-07-15 14:21:25 Ï∏°Ï†ïÍ∞í: {'AIN0': 7.925711154937744, 'AIN1': 7.879799842834473, 'AIN2': 7.892917633056641}
2025-07-15 14:21:26,768 [INFO] 2025-07-15 14:21:26 Ï∏°Ï†ïÍ∞í: {'AIN0': 7.909432888031006, 'AIN1': 7.867077350616455, 'AIN2': 7.905323505401611}
2025-07-15 14:21:27,772 [INFO] 2025-07-15 14:21:27 Ï∏°Ï†ïÍ∞í: {'AIN0': 7.918994426727295, 'AIN1': 7.870870590209961, 'AIN2': 7.894339561462402}
2025-07-15 14:21:28,776 [INFO] 2025-07-15 14:21:28 Ï∏°Ï†ïÍ∞í: {'AIN0': 7.913304805755615, 'AIN1': 7.858780384063721, 'AIN2': 7.870949745178223}
2025-07-15 14:21:29,781 [INFO] 2025-07-15 14:21:29 Ï∏°Ï†ïÍ∞í: {'AIN0': 7.926659107208252, 'AIN1': 7.8728461265563965, 'AIN2': 7.887228012084961}
2025-07-15 14:21:30,785 [INFO] 2025-07-15 14:21:30 Ï∏°Ï†ïÍ∞í: {'AIN0': 7.927923679351807, 'AIN1': 7.884778022766113, 'AIN2': 7.892838478088379}
2025-07-15 14:21:31,789 [INFO] 2025-07-15 14:21:31 Ï∏°Ï†ïÍ∞í: {'AIN0': 7.942305564880371, 'AIN1': 7.892838478088379, 'AIN2': 7.892759323120117}
2025-07-15 14:21:32,790 [INFO] Ï∏°Ï†ï Îç∞Ïù¥ÌÑ∞ Ï†ÄÏû• ÏôÑÎ£å, LabJack Ïó∞Í≤∞ Ï¢ÖÎ£å
2025-07-15 14:22:46,161 [INFO] Ï∏°Ï†ï ÏãúÏûë: LabJack 192.168.1.3, Ï±ÑÎÑê ['AIN0', 'AIN1', 'AIN2'], Í∞ÑÍ≤© 0.1s
2025-07-15 14:22:46,179 [INFO] 2025-07-15 14:22:46 Ï∏°Ï†ïÍ∞í: {'AIN0': 7.869448184967041, 'AIN1': 7.842976093292236, 'AIN2': 7.930294036865234}
2025-07-15 14:22:46,283 [INFO] 2025-07-15 14:22:46 Ï∏°Ï†ïÍ∞í: {'AIN0': 7.9244465827941895, 'AIN1': 7.926027297973633, 'AIN2': 7.914806365966797}
2025-07-15 14:22:46,388 [INFO] 2025-07-15 14:22:46 Ï∏°Ï†ïÍ∞í: {'AIN0': 7.916465759277344, 'AIN1': 7.944834232330322, 'AIN2': 7.970437049865723}
2025-07-15 14:22:46,491 [INFO] 2025-07-15 14:22:46 Ï∏°Ï†ïÍ∞í: {'AIN0': 7.905481815338135, 'AIN1': 7.928239822387695, 'AIN2': 7.969409465789795}
2025-07-15 14:22:46,596 [INFO] 2025-07-15 14:22:46 Ï∏°Ï†ïÍ∞í: {'AIN0': 7.866208553314209, 'AIN1': 7.886674880981445, 'AIN2': 7.922866344451904}
2025-07-15 14:22:46,701 [INFO] 2025-07-15 14:22:46 Ï∏°Ï†ïÍ∞í: {'AIN0': 7.8873066902160645, 'AIN1': 7.871423721313477, 'AIN2': 7.916860580444336}
2025-07-15 14:22:46,805 [INFO] 2025-07-15 14:22:46 Ï∏°Ï†ïÍ∞í: {'AIN0': 7.950286388397217, 'AIN1': 7.909353733062744, 'AIN2': 7.9557390213012695}
2025-07-15 14:22:46,909 [INFO] 2025-07-15 14:22:46 Ï∏°Ï†ïÍ∞í: {'AIN0': 8.010342597961426, 'AIN1': 7.962376594543457, 'AIN2': 7.9713850021362305}
2025-07-15 14:22:47,013 [INFO] 2025-07-15 14:22:47 Ï∏°Ï†ïÍ∞í: {'AIN0': 7.981262683868408, 'AIN1': 7.941436290740967, 'AIN2': 7.932901859283447}
2025-07-15 14:22:47,117 [INFO] 2025-07-15 14:22:47 Ï∏°Ï†ïÍ∞í: {'AIN0': 7.956371307373047, 'AIN1': 7.961744785308838, 'AIN2': 7.959847927093506}
2025-07-15 14:22:47,218 [INFO] Ï∏°Ï†ï Îç∞Ïù¥ÌÑ∞ Ï†ÄÏû• ÏôÑÎ£å, LabJack Ïó∞Í≤∞ Ï¢ÖÎ£å
2025-07-15 14:23:10,232 [INFO] Ï∏°Ï†ï ÏãúÏûë: LabJack 192.168.1.3, Ï±ÑÎÑê ['AIN0', 'AIN1', 'AIN2'], Í∞ÑÍ≤© 0.1s
2025-07-15 14:23:10,250 [INFO] 2025-07-15 14:23:10 Ï∏°Ï†ïÍ∞í: {'AIN0': 7.884146213531494, 'AIN1': 7.870712757110596, 'AIN2': 7.931163311004639}
2025-07-15 14:23:10,354 [INFO] 2025-07-15 14:23:10 Ï∏°Ï†ïÍ∞í: {'AIN0': 7.897895812988281, 'AIN1': 7.875690937042236, 'AIN2': 7.924921035766602}
2025-07-15 14:23:10,459 [INFO] 2025-07-15 14:23:10 Ï∏°Ï†ïÍ∞í: {'AIN0': 7.980077266693115, 'AIN1': 7.926580429077148, 'AIN2': 7.99019193649292}
2025-07-15 14:23:10,563 [INFO] 2025-07-15 14:23:10 Ï∏°Ï†ïÍ∞í: {'AIN0': 8.018086433410645, 'AIN1': 7.963798999786377, 'AIN2': 7.983633518218994}
2025-07-15 14:23:10,668 [INFO] 2025-07-15 14:23:10 Ï∏°Ï†ïÍ∞í: {'AIN0': 7.983159065246582, 'AIN1': 7.961507320404053, 'AIN2': 7.947916030883789}
2025-07-15 14:23:10,772 [INFO] 2025-07-15 14:23:10 Ï∏°Ï†ïÍ∞í: {'AIN0': 7.949733257293701, 'AIN1': 7.966880798339844, 'AIN2': 7.9622979164123535}
2025-07-15 14:23:10,876 [INFO] 2025-07-15 14:23:10 Ï∏°Ï†ïÍ∞í: {'AIN0': 7.955896854400635, 'AIN1': 7.982211112976074, 'AIN2': 8.019508361816406}
2025-07-15 14:23:10,980 [INFO] 2025-07-15 14:23:10 Ï∏°Ï†ïÍ∞í: {'AIN0': 7.959057807922363, 'AIN1': 7.98592472076416, 'AIN2': 8.026383399963379}
2025-07-15 14:23:11,085 [INFO] 2025-07-15 14:23:11 Ï∏°Ï†ïÍ∞í: {'AIN0': 7.926580429077148, 'AIN1': 7.952183246612549, 'AIN2': 7.99019193649292}
2025-07-15 14:23:11,190 [INFO] 2025-07-15 14:23:11 Ï∏°Ï†ïÍ∞í: {'AIN0': 7.916228771209717, 'AIN1': 7.928950786590576, 'AIN2': 7.971859455108643}
2025-07-15 14:23:11,293 [INFO] 2025-07-15 14:23:11 Ï∏°Ï†ïÍ∞í: {'AIN0': 7.995012283325195, 'AIN1': 7.9491801261901855, 'AIN2': 7.989243984222412}
2025-07-15 14:23:11,398 [INFO] 2025-07-15 14:23:11 Ï∏°Ï†ïÍ∞í: {'AIN0': 8.009157180786133, 'AIN1': 7.964273452758789, 'AIN2': 7.978813171386719}
2025-07-15 14:23:11,502 [INFO] 2025-07-15 14:23:11 Ï∏°Ï†ïÍ∞í: {'AIN0': 7.986240863800049, 'AIN1': 7.969488620758057, 'AIN2': 7.94902229309082}
2025-07-15 14:23:11,606 [INFO] 2025-07-15 14:23:11 Ï∏°Ï†ïÍ∞í: {'AIN0': 7.925631999969482, 'AIN1': 7.948863983154297, 'AIN2': 7.933771133422852}
2025-07-15 14:23:11,711 [INFO] 2025-07-15 14:23:11 Ï∏°Ï†ïÍ∞í: {'AIN0': 7.929346084594727, 'AIN1': 7.948153018951416, 'AIN2': 7.951945781707764}
2025-07-15 14:23:11,814 [INFO] 2025-07-15 14:23:11 Ï∏°Ï†ïÍ∞í: {'AIN0': 7.9043755531311035, 'AIN1': 7.932032585144043, 'AIN2': 7.969172477722168}
2025-07-15 14:23:11,919 [INFO] 2025-07-15 14:23:11 Ï∏°Ï†ïÍ∞í: {'AIN0': 7.886674880981445, 'AIN1': 7.879799842834473, 'AIN2': 7.916386604309082}
2025-07-15 14:23:12,023 [INFO] 2025-07-15 14:23:12 Ï∏°Ï†ïÍ∞í: {'AIN0': 7.903585433959961, 'AIN1': 7.863205432891846, 'AIN2': 7.8880181312561035}
2025-07-15 14:23:12,127 [INFO] 2025-07-15 14:23:12 Ï∏°Ï†ïÍ∞í: {'AIN0': 7.96213960647583, 'AIN1': 7.906508922576904, 'AIN2': 7.922866344451904}
2025-07-15 14:23:12,231 [INFO] 2025-07-15 14:23:12 Ï∏°Ï†ïÍ∞í: {'AIN0': 7.9821319580078125, 'AIN1': 7.954948902130127, 'AIN2': 7.9513139724731445}
2025-07-15 14:23:12,335 [INFO] 2025-07-15 14:23:12 Ï∏°Ï†ïÍ∞í: {'AIN0': 7.894418716430664, 'AIN1': 7.9242095947265625, 'AIN2': 7.921048641204834}
2025-07-15 14:23:12,440 [INFO] 2025-07-15 14:23:12 Ï∏°Ï†ïÍ∞í: {'AIN0': 7.8674726486206055, 'AIN1': 7.907536029815674, 'AIN2': 7.929425239562988}
2025-07-15 14:23:12,544 [INFO] 2025-07-15 14:23:12 Ï∏°Ï†ïÍ∞í: {'AIN0': 7.889914512634277, 'AIN1': 7.904849529266357, 'AIN2': 7.953684329986572}
2025-07-15 14:23:12,648 [INFO] 2025-07-15 14:23:12 Ï∏°Ï†ïÍ∞í: {'AIN0': 7.917966842651367, 'AIN1': 7.911803245544434, 'AIN2': 7.959057807922363}
2025-07-15 14:23:12,752 [INFO] 2025-07-15 14:23:12 Ï∏°Ï†ïÍ∞í: {'AIN0': 7.937485218048096, 'AIN1': 7.889993667602539, 'AIN2': 7.915043354034424}
2025-07-15 14:23:12,856 [INFO] 2025-07-15 14:23:12 Ï∏°Ï†ïÍ∞í: {'AIN0': 7.953921318054199, 'AIN1': 7.913383960723877, 'AIN2': 7.921286106109619}
2025-07-15 14:23:12,961 [INFO] 2025-07-15 14:23:12 Ï∏°Ï†ïÍ∞í: {'AIN0': 7.970594882965088, 'AIN1': 7.9513139724731445, 'AIN2': 7.9639573097229}
2025-07-15 14:23:13,065 [INFO] 2025-07-15 14:23:13 Ï∏°Ï†ïÍ∞í: {'AIN0': 7.97565221786499, 'AIN1': 7.992325782775879, 'AIN2': 8.019508361816406}
2025-07-15 14:23:13,169 [INFO] 2025-07-15 14:23:13 Ï∏°Ï†ïÍ∞í: {'AIN0': 7.995328426361084, 'AIN1': 8.020931243896484, 'AIN2': 8.038553237915039}
2025-07-15 14:23:13,274 [INFO] 2025-07-15 14:23:13 Ï∏°Ï†ïÍ∞í: {'AIN0': 7.956055164337158, 'AIN1': 7.988216400146484, 'AIN2': 7.995170593261719}
2025-07-15 14:23:13,379 [INFO] 2025-07-15 14:23:13 Ï∏°Ï†ïÍ∞í: {'AIN0': 7.9622979164123535, 'AIN1': 7.986003875732422, 'AIN2': 7.995960712432861}
2025-07-15 14:23:13,484 [INFO] 2025-07-15 14:23:13 Ï∏°Ï†ïÍ∞í: {'AIN0': 8.004415512084961, 'AIN1': 8.023064613342285, 'AIN2': 8.037446975708008}
2025-07-15 14:23:13,588 [INFO] 2025-07-15 14:23:13 Ï∏°Ï†ïÍ∞í: {'AIN0': 7.971780300140381, 'AIN1': 8.00046443939209, 'AIN2': 8.03396987915039}
2025-07-15 14:23:13,692 [INFO] 2025-07-15 14:23:13 Ï∏°Ï†ïÍ∞í: {'AIN0': 7.957003116607666, 'AIN1': 7.938196182250977, 'AIN2': 7.979761123657227}
2025-07-15 14:23:13,796 [INFO] 2025-07-15 14:23:13 Ï∏°Ï†ïÍ∞í: {'AIN0': 7.985687732696533, 'AIN1': 7.9351935386657715, 'AIN2': 7.960480213165283}
2025-07-15 14:23:13,901 [INFO] 2025-07-15 14:23:13 Ï∏°Ï†ïÍ∞í: {'AIN0': 8.030651092529297, 'AIN1': 7.970357894897461, 'AIN2': 8.003230094909668}
2025-07-15 14:23:14,005 [INFO] 2025-07-15 14:23:14 Ï∏°Ï†ïÍ∞í: {'AIN0': 8.02614688873291, 'AIN1': 7.970594882965088, 'AIN2': 7.96071720123291}
2025-07-15 14:23:14,110 [INFO] 2025-07-15 14:23:14 Ï∏°Ï†ïÍ∞í: {'AIN0': 7.958030700683594, 'AIN1': 7.916860580444336, 'AIN2': 7.904928684234619}
2025-07-15 14:23:14,214 [INFO] 2025-07-15 14:23:14 Ï∏°Ï†ïÍ∞í: {'AIN0': 7.918125152587891, 'AIN1': 7.914806365966797, 'AIN2': 7.906114101409912}
2025-07-15 14:23:14,319 [INFO] 2025-07-15 14:23:14 Ï∏°Ï†ïÍ∞í: {'AIN0': 7.950839519500732, 'AIN1': 7.952341079711914, 'AIN2': 7.949733257293701}
2025-07-15 14:23:14,424 [INFO] 2025-07-15 14:23:14 Ï∏°Ï†ïÍ∞í: {'AIN0': 7.9185991287231445, 'AIN1': 7.947836875915527, 'AIN2': 7.965695381164551}
2025-07-15 14:23:14,528 [INFO] 2025-07-15 14:23:14 Ï∏°Ï†ïÍ∞í: {'AIN0': 7.8618621826171875, 'AIN1': 7.889361381530762, 'AIN2': 7.921523094177246}
2025-07-15 14:23:14,632 [INFO] 2025-07-15 14:23:14 Ï∏°Ï†ïÍ∞í: {'AIN0': 7.877429485321045, 'AIN1': 7.858701229095459, 'AIN2': 7.906192779541016}
2025-07-15 14:23:14,736 [INFO] 2025-07-15 14:23:14 Ï∏°Ï†ïÍ∞í: {'AIN0': 7.971464157104492, 'AIN1': 7.904770374298096, 'AIN2': 7.926105976104736}
2025-07-15 14:23:14,840 [INFO] 2025-07-15 14:23:14 Ï∏°Ï†ïÍ∞í: {'AIN0': 7.996908664703369, 'AIN1': 7.9363789558410645, 'AIN2': 7.937485218048096}
2025-07-15 14:23:14,944 [INFO] 2025-07-15 14:23:14 Ï∏°Ï†ïÍ∞í: {'AIN0': 7.909511566162109, 'AIN1': 7.917413711547852, 'AIN2': 7.910776138305664}
2025-07-15 14:23:15,048 [INFO] 2025-07-15 14:23:15 Ï∏°Ï†ïÍ∞í: {'AIN0': 7.875927925109863, 'AIN1': 7.908326625823975, 'AIN2': 7.924762725830078}
2025-07-15 14:23:15,152 [INFO] 2025-07-15 14:23:15 Ï∏°Ï†ïÍ∞í: {'AIN0': 7.914964199066162, 'AIN1': 7.918362140655518, 'AIN2': 7.96680212020874}
2025-07-15 14:23:15,256 [INFO] 2025-07-15 14:23:15 Ï∏°Ï†ïÍ∞í: {'AIN0': 7.983870506286621, 'AIN1': 7.940646171569824, 'AIN2': 7.984818458557129}
2025-07-15 14:23:15,360 [INFO] 2025-07-15 14:23:15 Ï∏°Ï†ïÍ∞í: {'AIN0': 7.983870506286621, 'AIN1': 7.932507038116455, 'AIN2': 7.93369197845459}
2025-07-15 14:23:15,464 [INFO] 2025-07-15 14:23:15 Ï∏°Ï†ïÍ∞í: {'AIN0': 7.959769248962402, 'AIN1': 7.9550275802612305, 'AIN2': 7.950286388397217}
2025-07-15 14:23:15,567 [INFO] 2025-07-15 14:23:15 Ï∏°Ï†ïÍ∞í: {'AIN0': 7.960322380065918, 'AIN1': 7.99161434173584, 'AIN2': 8.013819694519043}
2025-07-15 14:23:15,672 [INFO] 2025-07-15 14:23:15 Ï∏°Ï†ïÍ∞í: {'AIN0': 7.96071720123291, 'AIN1': 7.9886908531188965, 'AIN2': 8.023776054382324}
2025-07-15 14:23:15,776 [INFO] 2025-07-15 14:23:15 Ï∏°Ï†ïÍ∞í: {'AIN0': 7.969093322753906, 'AIN1': 7.94578218460083, 'AIN2': 7.99200963973999}
2025-07-15 14:23:15,880 [INFO] 2025-07-15 14:23:15 Ï∏°Ï†ïÍ∞í: {'AIN0': 7.951945781707764, 'AIN1': 7.916544437408447, 'AIN2': 7.947441577911377}
2025-07-15 14:23:15,984 [INFO] 2025-07-15 14:23:15 Ï∏°Ï†ïÍ∞í: {'AIN0': 7.985766887664795, 'AIN1': 7.938512325286865, 'AIN2': 7.952973365783691}
2025-07-15 14:23:16,089 [INFO] 2025-07-15 14:23:16 Ï∏°Ï†ïÍ∞í: {'AIN0': 8.028595924377441, 'AIN1': 7.970752716064453, 'AIN2': 7.975178241729736}
2025-07-15 14:23:16,193 [INFO] 2025-07-15 14:23:16 Ï∏°Ï†ïÍ∞í: {'AIN0': 7.9984893798828125, 'AIN1': 7.994063854217529, 'AIN2': 7.994379997253418}
2025-07-15 14:23:16,297 [INFO] 2025-07-15 14:23:16 Ï∏°Ï†ïÍ∞í: {'AIN0': 7.92160177230835, 'AIN1': 7.963482856750488, 'AIN2': 7.981420516967773}
2025-07-15 14:23:16,402 [INFO] 2025-07-15 14:23:16 Ï∏°Ï†ïÍ∞í: {'AIN0': 7.936299800872803, 'AIN1': 7.967355251312256, 'AIN2': 7.99200963973999}
2025-07-15 14:23:16,505 [INFO] 2025-07-15 14:23:16 Ï∏°Ï†ïÍ∞í: {'AIN0': 7.932507038116455, 'AIN1': 7.934561252593994, 'AIN2': 7.973992824554443}
2025-07-15 14:23:16,611 [INFO] 2025-07-15 14:23:16 Ï∏°Ï†ïÍ∞í: {'AIN0': 7.928950786590576, 'AIN1': 7.910855293273926, 'AIN2': 7.958030700683594}
2025-07-15 14:23:16,715 [INFO] 2025-07-15 14:23:16 Ï∏°Ï†ïÍ∞í: {'AIN0': 7.918125152587891, 'AIN1': 7.873241424560547, 'AIN2': 7.882170677185059}
2025-07-15 14:23:16,818 [INFO] 2025-07-15 14:23:16 Ï∏°Ï†ïÍ∞í: {'AIN0': 7.924604892730713, 'AIN1': 7.896315097808838, 'AIN2': 7.895920276641846}
2025-07-15 14:23:16,922 [INFO] 2025-07-15 14:23:16 Ï∏°Ï†ïÍ∞í: {'AIN0': 7.933771133422852, 'AIN1': 7.943253517150879, 'AIN2': 7.958504676818848}
2025-07-15 14:23:17,026 [INFO] 2025-07-15 14:23:17 Ï∏°Ï†ïÍ∞í: {'AIN0': 7.9076151847839355, 'AIN1': 7.937406063079834, 'AIN2': 7.973676681518555}
2025-07-15 14:23:17,131 [INFO] 2025-07-15 14:23:17 Ï∏°Ï†ïÍ∞í: {'AIN0': 7.867867946624756, 'AIN1': 7.894497871398926, 'AIN2': 7.925631999969482}
2025-07-15 14:23:17,234 [INFO] 2025-07-15 14:23:17 Ï∏°Ï†ïÍ∞í: {'AIN0': 7.8772711753845215, 'AIN1': 7.864627838134766, 'AIN2': 7.911803245544434}
2025-07-15 14:23:17,339 [INFO] 2025-07-15 14:23:17 Ï∏°Ï†ïÍ∞í: {'AIN0': 7.95004940032959, 'AIN1': 7.8924431800842285, 'AIN2': 7.9283976554870605}
2025-07-15 14:23:17,444 [INFO] 2025-07-15 14:23:17 Ï∏°Ï†ïÍ∞í: {'AIN0': 7.968382358551025, 'AIN1': 7.906825065612793, 'AIN2': 7.91630744934082}
2025-07-15 14:23:17,548 [INFO] 2025-07-15 14:23:17 Ï∏°Ï†ïÍ∞í: {'AIN0': 7.919705390930176, 'AIN1': 7.909353733062744, 'AIN2': 7.895446300506592}
2025-07-15 14:23:17,652 [INFO] 2025-07-15 14:23:17 Ï∏°Ï†ïÍ∞í: {'AIN0': 7.890625953674316, 'AIN1': 7.9134626388549805, 'AIN2': 7.916386604309082}
2025-07-15 14:23:17,755 [INFO] 2025-07-15 14:23:17 Ï∏°Ï†ïÍ∞í: {'AIN0': 7.925790309906006, 'AIN1': 7.950681686401367, 'AIN2': 8.001729011535645}
2025-07-15 14:23:17,860 [INFO] 2025-07-15 14:23:17 Ï∏°Ï†ïÍ∞í: {'AIN0': 7.9720964431762695, 'AIN1': 7.949733257293701, 'AIN2': 8.004889488220215}
2025-07-15 14:23:17,964 [INFO] 2025-07-15 14:23:17 Ï∏°Ï†ïÍ∞í: {'AIN0': 7.979366302490234, 'AIN1': 7.927765369415283, 'AIN2': 7.931795597076416}
2025-07-15 14:23:18,067 [INFO] 2025-07-15 14:23:18 Ï∏°Ï†ïÍ∞í: {'AIN0': 7.9723334312438965, 'AIN1': 7.946256637573242, 'AIN2': 7.940724849700928}
2025-07-15 14:23:18,171 [INFO] 2025-07-15 14:23:18 Ï∏°Ï†ïÍ∞í: {'AIN0': 7.9931159019470215, 'AIN1': 7.998410224914551, 'AIN2': 8.015399932861328}
2025-07-15 14:23:18,276 [INFO] 2025-07-15 14:23:18 Ï∏°Ï†ïÍ∞í: {'AIN0': 8.015873908996582, 'AIN1': 8.025593757629395, 'AIN2': 8.02748966217041}
2025-07-15 14:23:18,381 [INFO] 2025-07-15 14:23:18 Ï∏°Ï†ïÍ∞í: {'AIN0': 8.000069618225098, 'AIN1': 8.012238502502441, 'AIN2': 7.9965925216674805}
2025-07-15 14:23:18,486 [INFO] 2025-07-15 14:23:18 Ï∏°Ï†ïÍ∞í: {'AIN0': 7.983396053314209, 'AIN1': 7.996671676635742, 'AIN2': 7.981657981872559}
2025-07-15 14:23:18,591 [INFO] 2025-07-15 14:23:18 Ï∏°Ï†ïÍ∞í: {'AIN0': 8.004494667053223, 'AIN1': 8.003625869750977, 'AIN2': 8.001175880432129}
2025-07-15 14:23:18,696 [INFO] 2025-07-15 14:23:18 Ï∏°Ï†ïÍ∞í: {'AIN0': 8.03033447265625, 'AIN1': 8.022906303405762, 'AIN2': 8.018165588378906}
2025-07-15 14:23:18,801 [INFO] 2025-07-15 14:23:18 Ï∏°Ï†ïÍ∞í: {'AIN0': 7.9987263679504395, 'AIN1': 8.012160301208496, 'AIN2': 7.999042510986328}
2025-07-15 14:23:18,905 [INFO] 2025-07-15 14:23:18 Ï∏°Ï†ïÍ∞í: {'AIN0': 7.919468402862549, 'AIN1': 7.95004940032959, 'AIN2': 7.966564655303955}
2025-07-15 14:23:19,009 [INFO] 2025-07-15 14:23:19 Ï∏°Ï†ïÍ∞í: {'AIN0': 7.904296398162842, 'AIN1': 7.9024786949157715, 'AIN2': 7.9547905921936035}
2025-07-15 14:23:19,113 [INFO] 2025-07-15 14:23:19 Ï∏°Ï†ïÍ∞í: {'AIN0': 7.967117786407471, 'AIN1': 7.916544437408447, 'AIN2': 7.956212997436523}
2025-07-15 14:23:19,217 [INFO] 2025-07-15 14:23:19 Ï∏°Ï†ïÍ∞í: {'AIN0': 7.973755836486816, 'AIN1': 7.89109992980957, 'AIN2': 7.934166431427002}
2025-07-15 14:23:19,321 [INFO] 2025-07-15 14:23:19 Ï∏°Ï†ïÍ∞í: {'AIN0': 7.89354944229126, 'AIN1': 7.672291278839111, 'AIN2': 7.882960796356201}
2025-07-15 14:23:19,425 [INFO] 2025-07-15 14:23:19 Ï∏°Ï†ïÍ∞í: {'AIN0': 7.857753276824951, 'AIN1': 7.380625247955322, 'AIN2': 7.795721530914307}
2025-07-15 14:23:19,530 [INFO] 2025-07-15 14:23:19 Ï∏°Ï†ïÍ∞í: {'AIN0': 7.898685932159424, 'AIN1': 7.49283504486084, 'AIN2': 7.873083114624023}
2025-07-15 14:23:19,633 [INFO] 2025-07-15 14:23:19 Ï∏°Ï†ïÍ∞í: {'AIN0': 7.91172456741333, 'AIN1': 7.639655590057373, 'AIN2': 7.908642768859863}
2025-07-15 14:23:19,738 [INFO] 2025-07-15 14:23:19 Ï∏°Ï†ïÍ∞í: {'AIN0': 7.89497184753418, 'AIN1': 7.703188419342041, 'AIN2': 7.860360622406006}
2025-07-15 14:23:19,842 [INFO] 2025-07-15 14:23:19 Ï∏°Ï†ïÍ∞í: {'AIN0': 7.926896572113037, 'AIN1': 7.747992992401123, 'AIN2': 7.867630958557129}
2025-07-15 14:23:19,946 [INFO] 2025-07-15 14:23:19 Ï∏°Ï†ïÍ∞í: {'AIN0': 7.939697742462158, 'AIN1': 8.280909538269043, 'AIN2': 7.973202705383301}
2025-07-15 14:23:20,050 [INFO] 2025-07-15 14:23:20 Ï∏°Ï†ïÍ∞í: {'AIN0': 7.932427883148193, 'AIN1': 8.018086433410645, 'AIN2': 7.947994709014893}
2025-07-15 14:23:20,154 [INFO] 2025-07-15 14:23:20 Ï∏°Ï†ïÍ∞í: {'AIN0': 7.8520636558532715, 'AIN1': 7.883039951324463, 'AIN2': 7.939302444458008}
2025-07-15 14:23:20,259 [INFO] 2025-07-15 14:23:20 Ï∏°Ï†ïÍ∞í: {'AIN0': 7.656882286071777, 'AIN1': 7.722548484802246, 'AIN2': 7.7046895027160645}
2025-07-15 14:23:20,365 [INFO] 2025-07-15 14:23:20 Ï∏°Ï†ïÍ∞í: {'AIN0': 7.893233299255371, 'AIN1': 7.8933916091918945, 'AIN2': 7.930452346801758}
2025-07-15 14:23:20,470 [INFO] 2025-07-15 14:23:20 Ï∏°Ï†ïÍ∞í: {'AIN0': 7.97810173034668, 'AIN1': 8.00046443939209, 'AIN2': 7.9987263679504395}
2025-07-15 14:23:20,574 [INFO] 2025-07-15 14:23:20 Ï∏°Ï†ïÍ∞í: {'AIN0': 7.837365627288818, 'AIN1': 7.895051002502441, 'AIN2': 7.901451587677002}
2025-07-15 14:23:20,677 [INFO] Ï∏°Ï†ï Îç∞Ïù¥ÌÑ∞ Ï†ÄÏû• ÏôÑÎ£å, LabJack Ïó∞Í≤∞ Ï¢ÖÎ£å
2025-07-15 14:35:53,341 [INFO] Ï∏°Ï†ï ÏãúÏûë: LabJack 192.168.1.3, Ï±ÑÎÑê ['AIN0', 'AIN1', 'AIN2'], Í∞ÑÍ≤© 0.1s
2025-07-15 14:35:53,358 [INFO] 2025-07-15 14:35:53 Ï∏°Ï†ïÍ∞í: {'AIN0': 1.2035653591156006, 'AIN1': 0.9691104888916016, 'AIN2': 2.211318254470825}
2025-07-15 14:35:53,462 [INFO] 2025-07-15 14:35:53 Ï∏°Ï†ïÍ∞í: {'AIN0': 7.176277160644531, 'AIN1': 4.754841327667236, 'AIN2': 6.479708671569824}
2025-07-15 14:35:53,566 [INFO] 2025-07-15 14:35:53 Ï∏°Ï†ïÍ∞í: {'AIN0': 7.985450744628906, 'AIN1': 6.225893497467041, 'AIN2': 7.40543794631958}
2025-07-15 14:35:53,672 [INFO] 2025-07-15 14:35:53 Ï∏°Ï†ïÍ∞í: {'AIN0': 7.99058723449707, 'AIN1': 6.963474273681641, 'AIN2': 7.711564540863037}
2025-07-15 14:35:53,776 [INFO] 2025-07-15 14:35:53 Ï∏°Ï†ïÍ∞í: {'AIN0': 7.987663269042969, 'AIN1': 7.400538444519043, 'AIN2': 7.879483699798584}
2025-07-15 14:35:53,881 [INFO] 2025-07-15 14:35:53 Ï∏°Ï†ïÍ∞í: {'AIN0': 8.000307083129883, 'AIN1': 7.7119598388671875, 'AIN2': 7.970594882965088}
2025-07-15 14:35:53,986 [INFO] 2025-07-15 14:35:53 Ï∏°Ï†ïÍ∞í: {'AIN0': 8.050722122192383, 'AIN1': 7.941910266876221, 'AIN2': 8.043057441711426}
2025-07-15 14:35:54,090 [INFO] 2025-07-15 14:35:54 Ï∏°Ï†ïÍ∞í: {'AIN0': 8.008919715881348, 'AIN1': 8.020772933959961, 'AIN2': 8.060283660888672}
2025-07-15 14:35:54,195 [INFO] 2025-07-15 14:35:54 Ï∏°Ï†ïÍ∞í: {'AIN0': 7.982052803039551, 'AIN1': 8.010263442993164, 'AIN2': 8.02717399597168}
2025-07-15 14:35:54,300 [INFO] 2025-07-15 14:35:54 Ï∏°Ï†ïÍ∞í: {'AIN0': 7.984502792358398, 'AIN1': 8.004889488220215, 'AIN2': 8.026700019836426}
2025-07-15 14:35:54,403 [INFO] Ï∏°Ï†ï Îç∞Ïù¥ÌÑ∞ Ï†ÄÏû• ÏôÑÎ£å, LabJack Ïó∞Í≤∞ Ï¢ÖÎ£å
2025-07-15 17:56:27,973 [INFO] Ï∏°Ï†ï ÏãúÏûë: LabJack 192.168.1.3, Ï±ÑÎÑê ['AIN0', 'AIN1', 'AIN2'], Í∞ÑÍ≤© 0.1s
2025-07-15 17:56:27,991 [INFO] 2025-07-15 17:56:27 Ï∏°Ï†ïÍ∞í: {'AIN0': 0.8159680962562561, 'AIN1': 0.4581616520881653, 'AIN2': 0.8448897004127502}
2025-07-15 17:56:28,094 [INFO] 2025-07-15 17:56:28 Ï∏°Ï†ïÍ∞í: {'AIN0': 7.031195163726807, 'AIN1': 4.125914573669434, 'AIN2': 6.095272064208984}
2025-07-15 17:56:28,198 [INFO] 2025-07-15 17:56:28 Ï∏°Ï†ïÍ∞í: {'AIN0': 7.899871349334717, 'AIN1': 5.818541049957275, 'AIN2': 7.196506500244141}
2025-07-15 17:56:28,302 [INFO] 2025-07-15 17:56:28 Ï∏°Ï†ïÍ∞í: {'AIN0': 7.927133560180664, 'AIN1': 6.689034938812256, 'AIN2': 7.554629325866699}
2025-07-15 17:56:28,406 [INFO] 2025-07-15 17:56:28 Ï∏°Ï†ïÍ∞í: {'AIN0': 7.900740623474121, 'AIN1': 7.204013824462891, 'AIN2': 7.744832515716553}
2025-07-15 17:56:28,510 [INFO] 2025-07-15 17:56:28 Ï∏°Ï†ïÍ∞í: {'AIN0': 7.865734100341797, 'AIN1': 7.543882369995117, 'AIN2': 7.8459792137146}
2025-07-15 17:56:28,614 [INFO] 2025-07-15 17:56:28 Ï∏°Ï†ïÍ∞í: {'AIN0': 7.883909225463867, 'AIN1': 7.7819719314575195, 'AIN2': 7.943648815155029}
2025-07-15 17:56:28,718 [INFO] 2025-07-15 17:56:28 Ï∏°Ï†ïÍ∞í: {'AIN0': 7.921917915344238, 'AIN1': 7.896315097808838, 'AIN2': 7.974150657653809}
2025-07-15 17:56:28,822 [INFO] 2025-07-15 17:56:28 Ï∏°Ï†ïÍ∞í: {'AIN0': 7.939855575561523, 'AIN1': 7.891890048980713, 'AIN2': 7.913304805755615}
2025-07-15 17:56:28,926 [INFO] 2025-07-15 17:56:28 Ï∏°Ï†ïÍ∞í: {'AIN0': 7.959847927093506, 'AIN1': 7.906192779541016, 'AIN2': 7.914490222930908}
2025-07-15 17:56:29,028 [INFO] Ï∏°Ï†ï Îç∞Ïù¥ÌÑ∞ Ï†ÄÏû• ÏôÑÎ£å, LabJack Ïó∞Í≤∞ Ï¢ÖÎ£å
2025-07-15 17:57:28,952 [INFO] Ï∏°Ï†ï ÏãúÏûë: LabJack 192.168.1.3, Ï±ÑÎÑê ['AIN0', 'AIN1', 'AIN2'], Í∞ÑÍ≤© 0.1s
2025-07-15 17:57:28,956 [INFO] 2025-07-15 17:57:28 Ï∏°Ï†ïÍ∞í: {'AIN0': 7.899318218231201, 'AIN1': 7.848270416259766, 'AIN2': 7.839578151702881}
2025-07-15 17:57:29,060 [INFO] 2025-07-15 17:57:29 Ï∏°Ï†ïÍ∞í: {'AIN0': 7.8933916091918945, 'AIN1': 7.841948986053467, 'AIN2': 7.867867946624756}
2025-07-15 17:57:29,164 [INFO] 2025-07-15 17:57:29 Ï∏°Ï†ïÍ∞í: {'AIN0': 7.884857177734375, 'AIN1': 7.900503635406494, 'AIN2': 7.9417524337768555}
2025-07-15 17:57:29,271 [INFO] 2025-07-15 17:57:29 Ï∏°Ï†ïÍ∞í: {'AIN0': 7.9449920654296875, 'AIN1': 7.958030700683594, 'AIN2': 7.97849702835083}
2025-07-15 17:57:29,376 [INFO] 2025-07-15 17:57:29 Ï∏°Ï†ïÍ∞í: {'AIN0': 7.931400775909424, 'AIN1': 7.954553604125977, 'AIN2': 7.945624351501465}
2025-07-15 17:57:29,480 [INFO] 2025-07-15 17:57:29 Ï∏°Ï†ïÍ∞í: {'AIN0': 7.9185991287231445, 'AIN1': 7.940883159637451, 'AIN2': 7.9361419677734375}
2025-07-15 17:57:29,584 [INFO] 2025-07-15 17:57:29 Ï∏°Ï†ïÍ∞í: {'AIN0': 7.911408424377441, 'AIN1': 7.942226409912109, 'AIN2': 7.983633518218994}
2025-07-15 17:57:29,689 [INFO] 2025-07-15 17:57:29 Ï∏°Ï†ïÍ∞í: {'AIN0': 7.933297157287598, 'AIN1': 7.959690093994141, 'AIN2': 7.999042510986328}
2025-07-15 17:57:29,793 [INFO] 2025-07-15 17:57:29 Ï∏°Ï†ïÍ∞í: {'AIN0': 7.9242095947265625, 'AIN1': 7.915280342102051, 'AIN2': 7.954395771026611}
2025-07-15 17:57:29,897 [INFO] 2025-07-15 17:57:29 Ï∏°Ï†ïÍ∞í: {'AIN0': 7.923340320587158, 'AIN1': 7.881933689117432, 'AIN2': 7.916386604309082}
2025-07-15 17:57:29,999 [INFO] Ï∏°Ï†ï Îç∞Ïù¥ÌÑ∞ Ï†ÄÏû• ÏôÑÎ£å, LabJack Ïó∞Í≤∞ Ï¢ÖÎ£å
2025-07-15 18:00:14,135 [INFO] Ï∏°Ï†ï ÏãúÏûë: LabJack 192.168.2.3, Ï±ÑÎÑê ['AIN0', 'AIN1', 'AIN2'], Í∞ÑÍ≤© 0.1s
2025-07-15 18:00:14,153 [INFO] 2025-07-15 18:00:14 Ï∏°Ï†ïÍ∞í: {'AIN0': 7.630410194396973, 'AIN1': 7.581338405609131, 'AIN2': 7.882486820220947}
2025-07-15 18:00:14,257 [INFO] 2025-07-15 18:00:14 Ï∏°Ï†ïÍ∞í: {'AIN0': 7.931637763977051, 'AIN1': 7.8366546630859375, 'AIN2': 7.939697742462158}
2025-07-15 18:00:14,361 [INFO] 2025-07-15 18:00:14 Ï∏°Ï†ïÍ∞í: {'AIN0': 8.004415512084961, 'AIN1': 7.926422119140625, 'AIN2': 7.951787948608398}
2025-07-15 18:00:14,465 [INFO] 2025-07-15 18:00:14 Ï∏°Ï†ïÍ∞í: {'AIN0': 8.003862380981445, 'AIN1': 7.969646453857422, 'AIN2': 7.972728252410889}
2025-07-15 18:00:14,570 [INFO] 2025-07-15 18:00:14 Ï∏°Ï†ïÍ∞í: {'AIN0': 7.9645891189575195, 'AIN1': 7.945466041564941, 'AIN2': 7.928318977355957}
2025-07-15 18:00:14,675 [INFO] 2025-07-15 18:00:14 Ï∏°Ï†ïÍ∞í: {'AIN0': 7.993826866149902, 'AIN1': 7.963245868682861, 'AIN2': 7.963404178619385}
2025-07-15 18:00:14,781 [INFO] 2025-07-15 18:00:14 Ï∏°Ï†ïÍ∞í: {'AIN0': 8.052223205566406, 'AIN1': 7.9996747970581055, 'AIN2': 8.011685371398926}
2025-07-15 18:00:14,886 [INFO] 2025-07-15 18:00:14 Ï∏°Ï†ïÍ∞í: {'AIN0': 8.061073303222656, 'AIN1': 8.017138481140137, 'AIN2': 8.017770767211914}
2025-07-15 18:00:14,991 [INFO] 2025-07-15 18:00:14 Ï∏°Ï†ïÍ∞í: {'AIN0': 8.025830268859863, 'AIN1': 7.988295555114746, 'AIN2': 7.97525691986084}
2025-07-15 18:00:15,095 [INFO] 2025-07-15 18:00:15 Ï∏°Ï†ïÍ∞í: {'AIN0': 8.000622749328613, 'AIN1': 7.995407581329346, 'AIN2': 7.990113258361816}
2025-07-15 18:00:15,197 [INFO] Ï∏°Ï†ï Îç∞Ïù¥ÌÑ∞ Ï†ÄÏû• ÏôÑÎ£å, LabJack Ïó∞Í≤∞ Ï¢ÖÎ£å
2025-07-16 10:01:45,696 [INFO] Ï∏°Ï†ï ÏãúÏûë: LabJack 192.168.2.3, Ï±ÑÎÑê ['AIN0', 'AIN1', 'AIN2'], Í∞ÑÍ≤© 0.1s
2025-07-16 10:01:45,701 [INFO] 2025-07-16 10:01:45 Ï∏°Ï†ïÍ∞í: {'AIN0': 0.9329979419708252, 'AIN1': 0.6546074748039246, 'AIN2': 1.0163649320602417}
2025-07-16 10:01:45,805 [INFO] 2025-07-16 10:01:45 Ï∏°Ï†ïÍ∞í: {'AIN0': 6.924437999725342, 'AIN1': 4.178068161010742, 'AIN2': 6.085631370544434}
2025-07-16 10:01:45,909 [INFO] 2025-07-16 10:01:45 Ï∏°Ï†ïÍ∞í: {'AIN0': 7.712117671966553, 'AIN1': 5.765439033508301, 'AIN2': 7.050318241119385}
2025-07-16 10:01:46,013 [INFO] 2025-07-16 10:01:46 Ï∏°Ï†ïÍ∞í: {'AIN0': 7.812948226928711, 'AIN1': 6.6456522941589355, 'AIN2': 7.473790645599365}
2025-07-16 10:01:46,117 [INFO] 2025-07-16 10:01:46 Ï∏°Ï†ïÍ∞í: {'AIN0': 7.72160005569458, 'AIN1': 7.095518112182617, 'AIN2': 7.5860795974731445}
2025-07-16 10:01:46,221 [INFO] 2025-07-16 10:01:46 Ï∏°Ï†ïÍ∞í: {'AIN0': 7.65300989151001, 'AIN1': 7.4093098640441895, 'AIN2': 7.671263694763184}
2025-07-16 10:01:46,326 [INFO] 2025-07-16 10:01:46 Ï∏°Ï†ïÍ∞í: {'AIN0': 7.660595893859863, 'AIN1': 7.632227420806885, 'AIN2': 7.756685256958008}
2025-07-16 10:01:46,429 [INFO] 2025-07-16 10:01:46 Ï∏°Ï†ïÍ∞í: {'AIN0': 7.735191822052002, 'AIN1': 7.726736545562744, 'AIN2': 7.789083957672119}
2025-07-16 10:01:46,534 [INFO] 2025-07-16 10:01:46 Ï∏°Ï†ïÍ∞í: {'AIN0': 7.777863025665283, 'AIN1': 7.730924606323242, 'AIN2': 7.768143653869629}
2025-07-16 10:01:46,638 [INFO] 2025-07-16 10:01:46 Ï∏°Ï†ïÍ∞í: {'AIN0': 7.78521203994751, 'AIN1': 7.727605819702148, 'AIN2': 7.73898458480835}
2025-07-16 10:01:46,741 [INFO] Ï∏°Ï†ï Îç∞Ïù¥ÌÑ∞ Ï†ÄÏû• ÏôÑÎ£å, LabJack Ïó∞Í≤∞ Ï¢ÖÎ£å
2025-07-16 10:30:12,270 [INFO] Ï∏°Ï†ï ÏãúÏûë: LabJack 192.168.2.3, Ï±ÑÎÑê ['AIN0', 'AIN1', 'AIN2'], Í∞ÑÍ≤© 0.1s
2025-07-16 10:30:12,274 [INFO] 2025-07-16 10:30:12 Ï∏°Ï†ïÍ∞í: {'AIN0': 6.604166507720947, 'AIN1': 6.096931457519531, 'AIN2': 6.718825817108154}
2025-07-16 10:30:12,378 [INFO] 2025-07-16 10:30:12 Ï∏°Ï†ïÍ∞í: {'AIN0': 7.255377292633057, 'AIN1': 6.817680835723877, 'AIN2': 7.3053975105285645}
2025-07-16 10:30:12,483 [INFO] 2025-07-16 10:30:12 Ï∏°Ï†ïÍ∞í: {'AIN0': 7.521203517913818, 'AIN1': 7.245578765869141, 'AIN2': 7.6542744636535645}
2025-07-16 10:30:12,587 [INFO] 2025-07-16 10:30:12 Ï∏°Ï†ïÍ∞í: {'AIN0': 7.565454959869385, 'AIN1': 7.515750885009766, 'AIN2': 7.714409351348877}
2025-07-16 10:30:12,691 [INFO] 2025-07-16 10:30:12 Ï∏°Ï†ïÍ∞í: {'AIN0': 7.5482282638549805, 'AIN1': 7.655933856964111, 'AIN2': 7.671738147735596}
2025-07-16 10:30:12,795 [INFO] 2025-07-16 10:30:12 Ï∏°Ï†ïÍ∞í: {'AIN0': 6.90373420715332, 'AIN1': 7.491886615753174, 'AIN2': 7.425192832946777}
2025-07-16 10:30:12,899 [INFO] 2025-07-16 10:30:12 Ï∏°Ï†ïÍ∞í: {'AIN0': 6.787336826324463, 'AIN1': 7.441076278686523, 'AIN2': 7.394690990447998}
2025-07-16 10:30:13,003 [INFO] 2025-07-16 10:30:13 Ï∏°Ï†ïÍ∞í: {'AIN0': 7.181413650512695, 'AIN1': 7.5022382736206055, 'AIN2': 6.326566219329834}
2025-07-16 10:30:13,108 [INFO] 2025-07-16 10:30:13 Ï∏°Ï†ïÍ∞í: {'AIN0': 6.887218952178955, 'AIN1': 6.57832670211792, 'AIN2': 5.960225582122803}
2025-07-16 10:30:13,212 [INFO] 2025-07-16 10:30:13 Ï∏°Ï†ïÍ∞í: {'AIN0': 6.692986011505127, 'AIN1': 6.889589786529541, 'AIN2': 6.057262897491455}
2025-07-16 10:30:13,313 [INFO] Ï∏°Ï†ï Îç∞Ïù¥ÌÑ∞ Ï†ÄÏû• ÏôÑÎ£å, LabJack Ïó∞Í≤∞ Ï¢ÖÎ£å
2025-07-16 10:55:56,471 [INFO] Ï∏°Ï†ï ÏãúÏûë: LabJack 192.168.1.3, Ï±ÑÎÑê ['AIN0', 'AIN1', 'AIN2'], Í∞ÑÍ≤© 0.1s
2025-07-16 10:55:56,488 [INFO] 2025-07-16 10:55:56 Ï∏°Ï†ïÍ∞í: {'AIN0': 6.511475086212158, 'AIN1': 6.094955921173096, 'AIN2': 6.754701137542725}
2025-07-16 10:55:56,592 [INFO] 2025-07-16 10:55:56 Ï∏°Ï†ïÍ∞í: {'AIN0': 6.993185997009277, 'AIN1': 6.6996235847473145, 'AIN2': 7.133052825927734}
2025-07-16 10:55:56,696 [INFO] 2025-07-16 10:55:56 Ï∏°Ï†ïÍ∞í: {'AIN0': 6.8810553550720215, 'AIN1': 6.91408634185791, 'AIN2': 7.140797138214111}
2025-07-16 10:55:56,800 [INFO] 2025-07-16 10:55:56 Ï∏°Ï†ïÍ∞í: {'AIN0': 6.776747703552246, 'AIN1': 7.037753582000732, 'AIN2': 7.176909446716309}
2025-07-16 10:55:56,904 [INFO] 2025-07-16 10:55:56 Ï∏°Ï†ïÍ∞í: {'AIN0': 6.767660617828369, 'AIN1': 7.114641189575195, 'AIN2': 7.1325788497924805}
2025-07-16 10:55:57,008 [INFO] 2025-07-16 10:55:57 Ï∏°Ï†ïÍ∞í: {'AIN0': 6.744981288909912, 'AIN1': 7.153993606567383, 'AIN2': 7.143483638763428}
2025-07-16 10:55:57,112 [INFO] 2025-07-16 10:55:57 Ï∏°Ï†ïÍ∞í: {'AIN0': 6.752725601196289, 'AIN1': 7.184811592102051, 'AIN2': 7.192239284515381}
2025-07-16 10:55:57,216 [INFO] 2025-07-16 10:55:57 Ï∏°Ï†ïÍ∞í: {'AIN0': 6.868965148925781, 'AIN1': 7.261066913604736, 'AIN2': 7.307610034942627}
2025-07-16 10:55:57,322 [INFO] 2025-07-16 10:55:57 Ï∏°Ï†ïÍ∞í: {'AIN0': 6.862643718719482, 'AIN1': 7.284852027893066, 'AIN2': 7.249134540557861}
2025-07-16 10:55:57,425 [INFO] 2025-07-16 10:55:57 Ï∏°Ï†ïÍ∞í: {'AIN0': 6.779987812042236, 'AIN1': 7.269996166229248, 'AIN2': 7.238150596618652}
2025-07-16 10:55:57,527 [INFO] Ï∏°Ï†ï Îç∞Ïù¥ÌÑ∞ Ï†ÄÏû• ÏôÑÎ£å, LabJack Ïó∞Í≤∞ Ï¢ÖÎ£å
